make -k all 
libgen -hw ../edk_system_hw_platform/system.xml\
	       -lp ../sdk_repo\
	       -pe ps7_cortexa9_0 \
	       -log libgen.log \
	       system.mss
libgen
Xilinx EDK 14.4 Build EDK_P.49d
Copyright (c) 1995-2012 Xilinx, Inc.  All rights reserved.

Command Line: libgen -hw ../edk_system_hw_platform/system.xml -lp ../sdk_repo
-pe ps7_cortexa9_0 -log libgen.log system.mss 


Staging source files.
Running DRCs.
Running generate.
Running post_generate.
Running include - 'make -s include "COMPILER=arm-xilinx-eabi-gcc"
"ARCHIVER=arm-xilinx-eabi-ar" "COMPILER_FLAGS= -O2 -c"
"EXTRA_COMPILER_FLAGS=-g"'.

Running libs - 'make -s libs "COMPILER=arm-xilinx-eabi-gcc"
"ARCHIVER=arm-xilinx-eabi-ar" "COMPILER_FLAGS= -O2 -c"
"EXTRA_COMPILER_FLAGS=-g"'.
Compiling common
C:\Logiciels\Xilinx\14.4\ISE_DS\EDK\gnu\arm\nt\bin\arm-xilinx-eabi-ar.exe: creating ../../../lib/libxil.a
Compiling xadc
Compiling standalone
Compiling intc
Compiling devcfg
Compiling dmaps
Compiling emacps
Compiling gpiops
Compiling qspips
Compiling scugic
Compiling scutimer
Compiling scuwdt
Compiling ttcps
Compiling uartps
Compiling usbps
Compiling cpu_cortexa9
Running execs_generate.
Finished building libraries
